<?xml version="1.0" encoding="UTF-8"?>
<robot generator="Robot 4.0.1 (Python 3.9.1 on darwin)" generated="20210426 04:01:55.651" rpa="false" schemaversion="2">
<suite id="s1" name="Invalid Login" source="/Users/stevenmak/Work/robotframework/WebDemo/login_tests/invalid_login.robot">
<kw name="Open Browser To Login Page" library="resource" type="SETUP">
<kw name="Open Browser" library="SeleniumLibrary">
<arg>${LOGIN URL}</arg>
<arg>${BROWSER}</arg>
<doc>Opens a new browser instance to the optional ``url``.</doc>
<msg timestamp="20210426 04:01:55.909" level="INFO">Opening browser 'Safari' to base url 'http://localhost:7272/'.</msg>
<status status="PASS" starttime="20210426 04:01:55.909" endtime="20210426 04:01:58.221"/>
</kw>
<kw name="Maximize Browser Window" library="SeleniumLibrary">
<doc>Maximizes current browser window.</doc>
<status status="PASS" starttime="20210426 04:01:58.221" endtime="20210426 04:01:58.281"/>
</kw>
<kw name="Set Selenium Speed" library="SeleniumLibrary">
<arg>${DELAY}</arg>
<doc>Sets the delay that is waited after each Selenium command.</doc>
<status status="PASS" starttime="20210426 04:01:58.281" endtime="20210426 04:01:58.281"/>
</kw>
<kw name="Login Page Should Be Open" library="resource">
<kw name="Title Should Be" library="SeleniumLibrary">
<arg>Login Page</arg>
<doc>Verifies that the current page title equals ``title``.</doc>
<msg timestamp="20210426 04:01:58.291" level="INFO">Page title is 'Login Page'.</msg>
<status status="PASS" starttime="20210426 04:01:58.282" endtime="20210426 04:01:58.291"/>
</kw>
<status status="PASS" starttime="20210426 04:01:58.281" endtime="20210426 04:01:58.291"/>
</kw>
<status status="PASS" starttime="20210426 04:01:55.909" endtime="20210426 04:01:58.292"/>
</kw>
<test id="s1-t1" name="Invalid Username">
<kw name="Go To Login Page" library="resource" type="SETUP">
<kw name="Go To" library="SeleniumLibrary">
<arg>${LOGIN URL}</arg>
<doc>Navigates the current browser window to the provided ``url``.</doc>
<msg timestamp="20210426 04:01:58.295" level="INFO">Opening url 'http://localhost:7272/'</msg>
<status status="PASS" starttime="20210426 04:01:58.295" endtime="20210426 04:01:58.341"/>
</kw>
<kw name="Login Page Should Be Open" library="resource">
<kw name="Title Should Be" library="SeleniumLibrary">
<arg>Login Page</arg>
<doc>Verifies that the current page title equals ``title``.</doc>
<msg timestamp="20210426 04:01:58.371" level="INFO">Page title is 'Login Page'.</msg>
<status status="PASS" starttime="20210426 04:01:58.343" endtime="20210426 04:01:58.372"/>
</kw>
<status status="PASS" starttime="20210426 04:01:58.342" endtime="20210426 04:01:58.372"/>
</kw>
<status status="PASS" starttime="20210426 04:01:58.294" endtime="20210426 04:01:58.372"/>
</kw>
<kw name="Login With Invalid Credentials Should Fail">
<arg>invalid</arg>
<arg>${VALID PASSWORD}</arg>
<kw name="Input Username" library="resource">
<arg>${username}</arg>
<kw name="Input Text" library="SeleniumLibrary">
<arg>username_field</arg>
<arg>${username}</arg>
<doc>Types the given ``text`` into the text field identified by ``locator``.</doc>
<msg timestamp="20210426 04:01:58.374" level="INFO">Typing text 'invalid' into text field 'username_field'.</msg>
<status status="PASS" starttime="20210426 04:01:58.374" endtime="20210426 04:01:58.577"/>
</kw>
<status status="PASS" starttime="20210426 04:01:58.373" endtime="20210426 04:01:58.577"/>
</kw>
<kw name="Input Password" library="resource">
<arg>${password}</arg>
<kw name="Input Text" library="SeleniumLibrary">
<arg>password_field</arg>
<arg>${password}</arg>
<doc>Types the given ``text`` into the text field identified by ``locator``.</doc>
<msg timestamp="20210426 04:01:58.578" level="INFO">Typing text 'mode' into text field 'password_field'.</msg>
<status status="PASS" starttime="20210426 04:01:58.578" endtime="20210426 04:01:58.720"/>
</kw>
<status status="PASS" starttime="20210426 04:01:58.577" endtime="20210426 04:01:58.720"/>
</kw>
<kw name="Submit Credentials" library="resource">
<kw name="Click Button" library="SeleniumLibrary">
<arg>login_button</arg>
<doc>Clicks the button identified by ``locator``.</doc>
<msg timestamp="20210426 04:01:58.721" level="INFO">Clicking button 'login_button'.</msg>
<status status="PASS" starttime="20210426 04:01:58.721" endtime="20210426 04:01:58.870"/>
</kw>
<status status="PASS" starttime="20210426 04:01:58.720" endtime="20210426 04:01:58.870"/>
</kw>
<kw name="Login Should Have Failed">
<kw name="Location Should Be" library="SeleniumLibrary">
<arg>${ERROR URL}</arg>
<doc>Verifies that the current URL is exactly ``url``.</doc>
<msg timestamp="20210426 04:01:58.874" level="INFO">Current location is 'http://localhost:7272/error.html'.</msg>
<status status="PASS" starttime="20210426 04:01:58.871" endtime="20210426 04:01:58.874"/>
</kw>
<kw name="Title Should Be" library="SeleniumLibrary">
<arg>Error Page</arg>
<doc>Verifies that the current page title equals ``title``.</doc>
<msg timestamp="20210426 04:01:58.878" level="INFO">Page title is 'Error Page'.</msg>
<status status="PASS" starttime="20210426 04:01:58.874" endtime="20210426 04:01:58.878"/>
</kw>
<status status="PASS" starttime="20210426 04:01:58.870" endtime="20210426 04:01:58.878"/>
</kw>
<status status="PASS" starttime="20210426 04:01:58.373" endtime="20210426 04:01:58.878"/>
</kw>
<status status="PASS" starttime="20210426 04:01:58.292" endtime="20210426 04:01:58.879"/>
</test>
<test id="s1-t2" name="Invalid Password">
<kw name="Go To Login Page" library="resource" type="SETUP">
<kw name="Go To" library="SeleniumLibrary">
<arg>${LOGIN URL}</arg>
<doc>Navigates the current browser window to the provided ``url``.</doc>
<msg timestamp="20210426 04:01:58.880" level="INFO">Opening url 'http://localhost:7272/'</msg>
<status status="PASS" starttime="20210426 04:01:58.880" endtime="20210426 04:01:58.933"/>
</kw>
<kw name="Login Page Should Be Open" library="resource">
<kw name="Title Should Be" library="SeleniumLibrary">
<arg>Login Page</arg>
<doc>Verifies that the current page title equals ``title``.</doc>
<msg timestamp="20210426 04:01:58.975" level="INFO">Page title is 'Login Page'.</msg>
<status status="PASS" starttime="20210426 04:01:58.934" endtime="20210426 04:01:58.975"/>
</kw>
<status status="PASS" starttime="20210426 04:01:58.933" endtime="20210426 04:01:58.975"/>
</kw>
<status status="PASS" starttime="20210426 04:01:58.879" endtime="20210426 04:01:58.975"/>
</kw>
<kw name="Login With Invalid Credentials Should Fail">
<arg>${VALID USER}</arg>
<arg>invalid</arg>
<kw name="Input Username" library="resource">
<arg>${username}</arg>
<kw name="Input Text" library="SeleniumLibrary">
<arg>username_field</arg>
<arg>${username}</arg>
<doc>Types the given ``text`` into the text field identified by ``locator``.</doc>
<msg timestamp="20210426 04:01:58.977" level="INFO">Typing text 'demo' into text field 'username_field'.</msg>
<status status="PASS" starttime="20210426 04:01:58.976" endtime="20210426 04:01:59.120"/>
</kw>
<status status="PASS" starttime="20210426 04:01:58.976" endtime="20210426 04:01:59.120"/>
</kw>
<kw name="Input Password" library="resource">
<arg>${password}</arg>
<kw name="Input Text" library="SeleniumLibrary">
<arg>password_field</arg>
<arg>${password}</arg>
<doc>Types the given ``text`` into the text field identified by ``locator``.</doc>
<msg timestamp="20210426 04:01:59.121" level="INFO">Typing text 'invalid' into text field 'password_field'.</msg>
<status status="PASS" starttime="20210426 04:01:59.121" endtime="20210426 04:01:59.270"/>
</kw>
<status status="PASS" starttime="20210426 04:01:59.120" endtime="20210426 04:01:59.270"/>
</kw>
<kw name="Submit Credentials" library="resource">
<kw name="Click Button" library="SeleniumLibrary">
<arg>login_button</arg>
<doc>Clicks the button identified by ``locator``.</doc>
<msg timestamp="20210426 04:01:59.271" level="INFO">Clicking button 'login_button'.</msg>
<status status="PASS" starttime="20210426 04:01:59.271" endtime="20210426 04:01:59.370"/>
</kw>
<status status="PASS" starttime="20210426 04:01:59.270" endtime="20210426 04:01:59.370"/>
</kw>
<kw name="Login Should Have Failed">
<kw name="Location Should Be" library="SeleniumLibrary">
<arg>${ERROR URL}</arg>
<doc>Verifies that the current URL is exactly ``url``.</doc>
<msg timestamp="20210426 04:01:59.420" level="INFO">Current location is 'http://localhost:7272/error.html'.</msg>
<status status="PASS" starttime="20210426 04:01:59.371" endtime="20210426 04:01:59.420"/>
</kw>
<kw name="Title Should Be" library="SeleniumLibrary">
<arg>Error Page</arg>
<doc>Verifies that the current page title equals ``title``.</doc>
<msg timestamp="20210426 04:01:59.426" level="INFO">Page title is 'Error Page'.</msg>
<status status="PASS" starttime="20210426 04:01:59.421" endtime="20210426 04:01:59.426"/>
</kw>
<status status="PASS" starttime="20210426 04:01:59.370" endtime="20210426 04:01:59.426"/>
</kw>
<status status="PASS" starttime="20210426 04:01:58.975" endtime="20210426 04:01:59.426"/>
</kw>
<status status="PASS" starttime="20210426 04:01:58.879" endtime="20210426 04:01:59.427"/>
</test>
<test id="s1-t3" name="Invalid Username And Password">
<kw name="Go To Login Page" library="resource" type="SETUP">
<kw name="Go To" library="SeleniumLibrary">
<arg>${LOGIN URL}</arg>
<doc>Navigates the current browser window to the provided ``url``.</doc>
<msg timestamp="20210426 04:01:59.429" level="INFO">Opening url 'http://localhost:7272/'</msg>
<status status="PASS" starttime="20210426 04:01:59.428" endtime="20210426 04:01:59.481"/>
</kw>
<kw name="Login Page Should Be Open" library="resource">
<kw name="Title Should Be" library="SeleniumLibrary">
<arg>Login Page</arg>
<doc>Verifies that the current page title equals ``title``.</doc>
<msg timestamp="20210426 04:01:59.520" level="INFO">Page title is 'Login Page'.</msg>
<status status="PASS" starttime="20210426 04:01:59.482" endtime="20210426 04:01:59.520"/>
</kw>
<status status="PASS" starttime="20210426 04:01:59.481" endtime="20210426 04:01:59.520"/>
</kw>
<status status="PASS" starttime="20210426 04:01:59.428" endtime="20210426 04:01:59.520"/>
</kw>
<kw name="Login With Invalid Credentials Should Fail">
<arg>invalid</arg>
<arg>whatever</arg>
<kw name="Input Username" library="resource">
<arg>${username}</arg>
<kw name="Input Text" library="SeleniumLibrary">
<arg>username_field</arg>
<arg>${username}</arg>
<doc>Types the given ``text`` into the text field identified by ``locator``.</doc>
<msg timestamp="20210426 04:01:59.522" level="INFO">Typing text 'invalid' into text field 'username_field'.</msg>
<status status="PASS" starttime="20210426 04:01:59.521" endtime="20210426 04:01:59.677"/>
</kw>
<status status="PASS" starttime="20210426 04:01:59.521" endtime="20210426 04:01:59.677"/>
</kw>
<kw name="Input Password" library="resource">
<arg>${password}</arg>
<kw name="Input Text" library="SeleniumLibrary">
<arg>password_field</arg>
<arg>${password}</arg>
<doc>Types the given ``text`` into the text field identified by ``locator``.</doc>
<msg timestamp="20210426 04:01:59.678" level="INFO">Typing text 'whatever' into text field 'password_field'.</msg>
<status status="PASS" starttime="20210426 04:01:59.678" endtime="20210426 04:01:59.827"/>
</kw>
<status status="PASS" starttime="20210426 04:01:59.677" endtime="20210426 04:01:59.827"/>
</kw>
<kw name="Submit Credentials" library="resource">
<kw name="Click Button" library="SeleniumLibrary">
<arg>login_button</arg>
<doc>Clicks the button identified by ``locator``.</doc>
<msg timestamp="20210426 04:01:59.828" level="INFO">Clicking button 'login_button'.</msg>
<status status="PASS" starttime="20210426 04:01:59.827" endtime="20210426 04:01:59.920"/>
</kw>
<status status="PASS" starttime="20210426 04:01:59.827" endtime="20210426 04:01:59.921"/>
</kw>
<kw name="Login Should Have Failed">
<kw name="Location Should Be" library="SeleniumLibrary">
<arg>${ERROR URL}</arg>
<doc>Verifies that the current URL is exactly ``url``.</doc>
<msg timestamp="20210426 04:01:59.970" level="INFO">Current location is 'http://localhost:7272/error.html'.</msg>
<status status="PASS" starttime="20210426 04:01:59.922" endtime="20210426 04:01:59.970"/>
</kw>
<kw name="Title Should Be" library="SeleniumLibrary">
<arg>Error Page</arg>
<doc>Verifies that the current page title equals ``title``.</doc>
<msg timestamp="20210426 04:01:59.975" level="INFO">Page title is 'Error Page'.</msg>
<status status="PASS" starttime="20210426 04:01:59.970" endtime="20210426 04:01:59.975"/>
</kw>
<status status="PASS" starttime="20210426 04:01:59.921" endtime="20210426 04:01:59.975"/>
</kw>
<status status="PASS" starttime="20210426 04:01:59.520" endtime="20210426 04:01:59.975"/>
</kw>
<status status="PASS" starttime="20210426 04:01:59.427" endtime="20210426 04:01:59.976"/>
</test>
<test id="s1-t4" name="Empty Username">
<kw name="Go To Login Page" library="resource" type="SETUP">
<kw name="Go To" library="SeleniumLibrary">
<arg>${LOGIN URL}</arg>
<doc>Navigates the current browser window to the provided ``url``.</doc>
<msg timestamp="20210426 04:01:59.977" level="INFO">Opening url 'http://localhost:7272/'</msg>
<status status="PASS" starttime="20210426 04:01:59.977" endtime="20210426 04:02:00.027"/>
</kw>
<kw name="Login Page Should Be Open" library="resource">
<kw name="Title Should Be" library="SeleniumLibrary">
<arg>Login Page</arg>
<doc>Verifies that the current page title equals ``title``.</doc>
<msg timestamp="20210426 04:02:00.032" level="INFO">Page title is 'Login Page'.</msg>
<status status="PASS" starttime="20210426 04:02:00.027" endtime="20210426 04:02:00.032"/>
</kw>
<status status="PASS" starttime="20210426 04:02:00.027" endtime="20210426 04:02:00.032"/>
</kw>
<status status="PASS" starttime="20210426 04:01:59.977" endtime="20210426 04:02:00.032"/>
</kw>
<kw name="Login With Invalid Credentials Should Fail">
<arg>${EMPTY}</arg>
<arg>${VALID PASSWORD}</arg>
<kw name="Input Username" library="resource">
<arg>${username}</arg>
<kw name="Input Text" library="SeleniumLibrary">
<arg>username_field</arg>
<arg>${username}</arg>
<doc>Types the given ``text`` into the text field identified by ``locator``.</doc>
<msg timestamp="20210426 04:02:00.035" level="INFO">Typing text '' into text field 'username_field'.</msg>
<status status="PASS" starttime="20210426 04:02:00.034" endtime="20210426 04:02:00.170"/>
</kw>
<status status="PASS" starttime="20210426 04:02:00.033" endtime="20210426 04:02:00.170"/>
</kw>
<kw name="Input Password" library="resource">
<arg>${password}</arg>
<kw name="Input Text" library="SeleniumLibrary">
<arg>password_field</arg>
<arg>${password}</arg>
<doc>Types the given ``text`` into the text field identified by ``locator``.</doc>
<msg timestamp="20210426 04:02:00.171" level="INFO">Typing text 'mode' into text field 'password_field'.</msg>
<status status="PASS" starttime="20210426 04:02:00.171" endtime="20210426 04:02:00.274"/>
</kw>
<status status="PASS" starttime="20210426 04:02:00.170" endtime="20210426 04:02:00.275"/>
</kw>
<kw name="Submit Credentials" library="resource">
<kw name="Click Button" library="SeleniumLibrary">
<arg>login_button</arg>
<doc>Clicks the button identified by ``locator``.</doc>
<msg timestamp="20210426 04:02:00.276" level="INFO">Clicking button 'login_button'.</msg>
<status status="PASS" starttime="20210426 04:02:00.275" endtime="20210426 04:02:00.420"/>
</kw>
<status status="PASS" starttime="20210426 04:02:00.275" endtime="20210426 04:02:00.420"/>
</kw>
<kw name="Login Should Have Failed">
<kw name="Location Should Be" library="SeleniumLibrary">
<arg>${ERROR URL}</arg>
<doc>Verifies that the current URL is exactly ``url``.</doc>
<msg timestamp="20210426 04:02:00.427" level="INFO">Current location is 'http://localhost:7272/error.html'.</msg>
<status status="PASS" starttime="20210426 04:02:00.421" endtime="20210426 04:02:00.427"/>
</kw>
<kw name="Title Should Be" library="SeleniumLibrary">
<arg>Error Page</arg>
<doc>Verifies that the current page title equals ``title``.</doc>
<msg timestamp="20210426 04:02:00.431" level="INFO">Page title is 'Error Page'.</msg>
<status status="PASS" starttime="20210426 04:02:00.427" endtime="20210426 04:02:00.431"/>
</kw>
<status status="PASS" starttime="20210426 04:02:00.421" endtime="20210426 04:02:00.432"/>
</kw>
<status status="PASS" starttime="20210426 04:02:00.032" endtime="20210426 04:02:00.432"/>
</kw>
<status status="PASS" starttime="20210426 04:01:59.976" endtime="20210426 04:02:00.432"/>
</test>
<test id="s1-t5" name="Empty Password">
<kw name="Go To Login Page" library="resource" type="SETUP">
<kw name="Go To" library="SeleniumLibrary">
<arg>${LOGIN URL}</arg>
<doc>Navigates the current browser window to the provided ``url``.</doc>
<msg timestamp="20210426 04:02:00.434" level="INFO">Opening url 'http://localhost:7272/'</msg>
<status status="PASS" starttime="20210426 04:02:00.434" endtime="20210426 04:02:00.521"/>
</kw>
<kw name="Login Page Should Be Open" library="resource">
<kw name="Title Should Be" library="SeleniumLibrary">
<arg>Login Page</arg>
<doc>Verifies that the current page title equals ``title``.</doc>
<msg timestamp="20210426 04:02:00.526" level="INFO">Page title is 'Login Page'.</msg>
<status status="PASS" starttime="20210426 04:02:00.522" endtime="20210426 04:02:00.526"/>
</kw>
<status status="PASS" starttime="20210426 04:02:00.522" endtime="20210426 04:02:00.526"/>
</kw>
<status status="PASS" starttime="20210426 04:02:00.433" endtime="20210426 04:02:00.527"/>
</kw>
<kw name="Login With Invalid Credentials Should Fail">
<arg>${VALID USER}</arg>
<arg>${EMPTY}</arg>
<kw name="Input Username" library="resource">
<arg>${username}</arg>
<kw name="Input Text" library="SeleniumLibrary">
<arg>username_field</arg>
<arg>${username}</arg>
<doc>Types the given ``text`` into the text field identified by ``locator``.</doc>
<msg timestamp="20210426 04:02:00.528" level="INFO">Typing text 'demo' into text field 'username_field'.</msg>
<status status="PASS" starttime="20210426 04:02:00.528" endtime="20210426 04:02:00.670"/>
</kw>
<status status="PASS" starttime="20210426 04:02:00.528" endtime="20210426 04:02:00.671"/>
</kw>
<kw name="Input Password" library="resource">
<arg>${password}</arg>
<kw name="Input Text" library="SeleniumLibrary">
<arg>password_field</arg>
<arg>${password}</arg>
<doc>Types the given ``text`` into the text field identified by ``locator``.</doc>
<msg timestamp="20210426 04:02:00.672" level="INFO">Typing text '' into text field 'password_field'.</msg>
<status status="PASS" starttime="20210426 04:02:00.671" endtime="20210426 04:02:00.770"/>
</kw>
<status status="PASS" starttime="20210426 04:02:00.671" endtime="20210426 04:02:00.771"/>
</kw>
<kw name="Submit Credentials" library="resource">
<kw name="Click Button" library="SeleniumLibrary">
<arg>login_button</arg>
<doc>Clicks the button identified by ``locator``.</doc>
<msg timestamp="20210426 04:02:00.772" level="INFO">Clicking button 'login_button'.</msg>
<status status="PASS" starttime="20210426 04:02:00.772" endtime="20210426 04:02:00.831"/>
</kw>
<status status="PASS" starttime="20210426 04:02:00.771" endtime="20210426 04:02:00.831"/>
</kw>
<kw name="Login Should Have Failed">
<kw name="Location Should Be" library="SeleniumLibrary">
<arg>${ERROR URL}</arg>
<doc>Verifies that the current URL is exactly ``url``.</doc>
<msg timestamp="20210426 04:02:00.880" level="INFO">Current location is 'http://localhost:7272/error.html'.</msg>
<status status="PASS" starttime="20210426 04:02:00.832" endtime="20210426 04:02:00.881"/>
</kw>
<kw name="Title Should Be" library="SeleniumLibrary">
<arg>Error Page</arg>
<doc>Verifies that the current page title equals ``title``.</doc>
<msg timestamp="20210426 04:02:00.884" level="INFO">Page title is 'Error Page'.</msg>
<status status="PASS" starttime="20210426 04:02:00.881" endtime="20210426 04:02:00.885"/>
</kw>
<status status="PASS" starttime="20210426 04:02:00.831" endtime="20210426 04:02:00.885"/>
</kw>
<status status="PASS" starttime="20210426 04:02:00.527" endtime="20210426 04:02:00.885"/>
</kw>
<status status="PASS" starttime="20210426 04:02:00.433" endtime="20210426 04:02:00.885"/>
</test>
<test id="s1-t6" name="Empty Username And Password">
<kw name="Go To Login Page" library="resource" type="SETUP">
<kw name="Go To" library="SeleniumLibrary">
<arg>${LOGIN URL}</arg>
<doc>Navigates the current browser window to the provided ``url``.</doc>
<msg timestamp="20210426 04:02:00.887" level="INFO">Opening url 'http://localhost:7272/'</msg>
<status status="PASS" starttime="20210426 04:02:00.886" endtime="20210426 04:02:00.973"/>
</kw>
<kw name="Login Page Should Be Open" library="resource">
<kw name="Title Should Be" library="SeleniumLibrary">
<arg>Login Page</arg>
<doc>Verifies that the current page title equals ``title``.</doc>
<msg timestamp="20210426 04:02:00.978" level="INFO">Page title is 'Login Page'.</msg>
<status status="PASS" starttime="20210426 04:02:00.973" endtime="20210426 04:02:00.978"/>
</kw>
<status status="PASS" starttime="20210426 04:02:00.973" endtime="20210426 04:02:00.978"/>
</kw>
<status status="PASS" starttime="20210426 04:02:00.886" endtime="20210426 04:02:00.978"/>
</kw>
<kw name="Login With Invalid Credentials Should Fail">
<arg>${EMPTY}</arg>
<arg>${EMPTY}</arg>
<kw name="Input Username" library="resource">
<arg>${username}</arg>
<kw name="Input Text" library="SeleniumLibrary">
<arg>username_field</arg>
<arg>${username}</arg>
<doc>Types the given ``text`` into the text field identified by ``locator``.</doc>
<msg timestamp="20210426 04:02:00.982" level="INFO">Typing text '' into text field 'username_field'.</msg>
<status status="PASS" starttime="20210426 04:02:00.981" endtime="20210426 04:02:01.070"/>
</kw>
<status status="PASS" starttime="20210426 04:02:00.980" endtime="20210426 04:02:01.070"/>
</kw>
<kw name="Input Password" library="resource">
<arg>${password}</arg>
<kw name="Input Text" library="SeleniumLibrary">
<arg>password_field</arg>
<arg>${password}</arg>
<doc>Types the given ``text`` into the text field identified by ``locator``.</doc>
<msg timestamp="20210426 04:02:01.071" level="INFO">Typing text '' into text field 'password_field'.</msg>
<status status="PASS" starttime="20210426 04:02:01.071" endtime="20210426 04:02:01.130"/>
</kw>
<status status="PASS" starttime="20210426 04:02:01.070" endtime="20210426 04:02:01.131"/>
</kw>
<kw name="Submit Credentials" library="resource">
<kw name="Click Button" library="SeleniumLibrary">
<arg>login_button</arg>
<doc>Clicks the button identified by ``locator``.</doc>
<msg timestamp="20210426 04:02:01.131" level="INFO">Clicking button 'login_button'.</msg>
<status status="PASS" starttime="20210426 04:02:01.131" endtime="20210426 04:02:01.270"/>
</kw>
<status status="PASS" starttime="20210426 04:02:01.131" endtime="20210426 04:02:01.270"/>
</kw>
<kw name="Login Should Have Failed">
<kw name="Location Should Be" library="SeleniumLibrary">
<arg>${ERROR URL}</arg>
<doc>Verifies that the current URL is exactly ``url``.</doc>
<msg timestamp="20210426 04:02:01.274" level="INFO">Current location is 'http://localhost:7272/error.html'.</msg>
<status status="PASS" starttime="20210426 04:02:01.271" endtime="20210426 04:02:01.274"/>
</kw>
<kw name="Title Should Be" library="SeleniumLibrary">
<arg>Error Page</arg>
<doc>Verifies that the current page title equals ``title``.</doc>
<msg timestamp="20210426 04:02:01.279" level="INFO">Page title is 'Error Page'.</msg>
<status status="PASS" starttime="20210426 04:02:01.274" endtime="20210426 04:02:01.279"/>
</kw>
<status status="PASS" starttime="20210426 04:02:01.270" endtime="20210426 04:02:01.279"/>
</kw>
<status status="PASS" starttime="20210426 04:02:00.979" endtime="20210426 04:02:01.279"/>
</kw>
<status status="PASS" starttime="20210426 04:02:00.886" endtime="20210426 04:02:01.279"/>
</test>
<kw name="Close Browser" library="SeleniumLibrary" type="TEARDOWN">
<doc>Closes the current browser.</doc>
<status status="PASS" starttime="20210426 04:02:01.280" endtime="20210426 04:02:01.382"/>
</kw>
<doc>A test suite containing tests related to invalid login.

These tests are data-driven by their nature. They use a single
keyword, specified with Test Template setting, that is called
with different arguments to cover different scenarios.

This suite also demonstrates using setups and teardowns in
different levels.</doc>
<status status="PASS" starttime="20210426 04:01:55.652" endtime="20210426 04:02:01.382"/>
</suite>
<statistics>
<total>
<stat pass="6" fail="0" skip="0">All Tests</stat>
</total>
<tag>
</tag>
<suite>
<stat pass="6" fail="0" skip="0" id="s1" name="Invalid Login">Invalid Login</stat>
</suite>
</statistics>
<errors>
</errors>
</robot>
